C51 COMPILER V9.60.7.0   DS1307_LCD                                                        04/16/2024 16:08:54 PAGE 1   


C51 COMPILER V9.60.7.0, COMPILATION OF MODULE DS1307_LCD
OBJECT MODULE PLACED IN ds1307-lcd.OBJ
COMPILER INVOKED BY: C:\Keil_v5\C51\BIN\C51.EXE ds1307-lcd.c OPTIMIZE(8,SPEED) BROWSE DEBUG OBJECTEXTEND TABS(2)

line level    source

   1          #include <REGX52.H>
   2          #include "port.h"
   3          #include "i2c.h"
   4          #include "DS1307.h"
   5          #include "lcd16x2.h"
   6          #include "delay.h"
   7          /* khai bao cac bien thoi gian */
   8          char gio, phut, giay, ngay, thang, nam;
   9          
  10          /*~~~~~ nguyen mau ham ~~~~~~~~*/
  11          void bip();
  12          void hien_thi_date();
  13          void hien_thi_time();
  14          void set();
  15          void set_hour();
  16          void set_min();
  17          void set_sec();
  18          void set_date();
  19          void set_month();
  20          void set_year();
  21          void setup();
  22          
  23          /*~~~~~~~~~~~~~*/
  24          void bip()
  25          {
  26   1        loa = 0; delay_ms(100);
  27   1        loa = 1; delay_ms(100);
  28   1      }
  29          /*~~~~~~~~~~~~~*/
  30          void ISR_timer1() interrupt 3
  31          {
  32   1        unsigned char x;
  33   1        TH1 = 0x3c;
  34   1        TL1 = 0xb0;
  35   1        x++;
  36   1        if(x == 20)
  37   1        {
  38   2          x = 0;
  39   2          get_time(0x00, &gio, &phut, &giay);
  40   2          get_time(0x04, &nam, &thang, &ngay);
  41   2        }
  42   1      }
  43          /*~~~~~~~~~~~~~*/
  44          void set_hour()
  45          {
  46   1        if(up == 0)
  47   1        {
  48   2          delay_ms(200);
  49   2          gio++;
  50   2          if(gio == 24) gio = 0;
  51   2          set_time(0x00, gio, phut, giay);
  52   2          lcd_position(1, 10);
  53   2          lcd_putc(gio/10 + 48);
  54   2          lcd_putc(gio%10 + 48); 
  55   2        }
C51 COMPILER V9.60.7.0   DS1307_LCD                                                        04/16/2024 16:08:54 PAGE 2   

  56   1        
  57   1        if(down == 0)
  58   1        {
  59   2          delay_ms(200);
  60   2          gio--;
  61   2          if(gio == -1) gio = 23;
  62   2          set_time(0x00, gio, phut, giay);
  63   2          lcd_position(1, 10);
  64   2          lcd_putc(gio/10 + 48);
  65   2          lcd_putc(gio%10 + 48); 
  66   2        }
  67   1      }
  68          void set_min()
  69          {
  70   1        if(up == 0)
  71   1        {
  72   2          delay_ms(200);
  73   2          phut++;
  74   2          if(phut == 60) phut = 0;
  75   2          set_time(0x00, gio, phut, giay);
  76   2          lcd_position(1, 9);
  77   2          lcd_putc(phut/10 + 48);
  78   2          lcd_putc(phut%10 + 48); 
  79   2        }
  80   1        
  81   1        if(down == 0)
  82   1        {
  83   2          delay_ms(200);
  84   2          phut--;
  85   2          if(phut == -1) phut = 59;
  86   2          set_time(0x00, gio, phut, giay);
  87   2          lcd_position(1, 9);
  88   2          lcd_putc(phut/10 + 48);
  89   2          lcd_putc(phut%10 + 48); 
  90   2        }
  91   1      }
  92          void set_sec()
  93          {
  94   1        if(up == 0)
  95   1        {
  96   2          delay_ms(200);
  97   2          giay++;
  98   2          if(giay == 60) giay = 0;
  99   2          set_time(0x00, gio, phut, giay);
 100   2          lcd_position(1, 9);
 101   2          lcd_putc(giay/10 + 48);
 102   2          lcd_putc(giay%10 + 48); 
 103   2        }
 104   1        
 105   1        if(down == 0)
 106   1        {
 107   2          delay_ms(200);
 108   2          giay--;
 109   2          if(giay == -1) giay = 59;
 110   2          set_time(0x00, gio, phut, giay);
 111   2          lcd_position(1, 9);
 112   2          lcd_putc(giay/10 + 48);
 113   2          lcd_putc(giay%10 + 48); 
 114   2        }
 115   1      }
 116          void set_date()
 117          {
C51 COMPILER V9.60.7.0   DS1307_LCD                                                        04/16/2024 16:08:54 PAGE 3   

 118   1        if(up == 0)
 119   1        {   
 120   2          delay_ms(200);
 121   2          ngay++;
 122   2          if(ngay == 29 && thang == 2 && nam%4 == 0) ngay = 1;
 123   2          if(ngay == 30 && thang == 2 && nam%4 != 0) ngay = 1;
 124   2          if(ngay == 31 && (((thang%2 == 1) && (0 < thang < 8))||((thang%2 == 0) && (13 > thang >7)))) ngay = 1;    
             -  
 125   2          if(ngay == 32 && (((thang%2 == 0) && (2 < thang < 8))||((thang%2 == 1) && (13 > thang > 7)))) ngay = 1; 
 126   2          set_time(0x04, nam, thang, ngay);
 127   2          lcd_position(2, 10);
 128   2          lcd_putc(ngay/10 + 48);
 129   2          lcd_putc(ngay%10 + 48); 
 130   2        }
 131   1        
 132   1        if(down == 0)
 133   1        {
 134   2          delay_ms(200);
 135   2          ngay--;
 136   2          if(ngay == 0 && thang == 2 && nam%4 == 0) ngay = 28;
 137   2          if(ngay == 0 && thang == 2 && nam%4 != 0) ngay = 29;
 138   2          if(ngay == 0 && (((thang%2 == 1) && (0 < thang < 8))||((thang%2 == 0) && (13 > thang >7)))) ngay = 30;    
             -  
 139   2          if(ngay == 0 && (((thang%2 == 0) && (2 < thang < 8))||((thang%2 == 1) && (13 > thang > 7)))) ngay = 31; 
 140   2          set_time(0x04, nam, thang, ngay);
 141   2          lcd_position(2, 10);
 142   2          lcd_putc(ngay/10 + 48);
 143   2          lcd_putc(ngay%10 + 48); 
 144   2        }
 145   1      }
 146          void set_month()
 147          {
 148   1        if(up == 0)
 149   1        {
 150   2          delay_ms(200);
 151   2          thang++;
 152   2          if(thang == 13) thang = 1;
 153   2          set_time(0x04, nam, thang, ngay);
 154   2          lcd_position(2, 11);
 155   2          lcd_putc(thang/10 + 48);
 156   2          lcd_putc(thang%10 + 48); 
 157   2        }
 158   1        
 159   1        if(down == 0)
 160   1        {
 161   2          delay_ms(200);
 162   2          thang--;
 163   2          if(thang == 0) thang = 12;
 164   2          set_time(0x04, nam, thang, ngay);
 165   2          lcd_position(2, 11);
 166   2          lcd_putc(thang/10 + 48);
 167   2          lcd_putc(thang%10 + 48); 
 168   2        }
 169   1      }
 170          void set_year()
 171          {
 172   1        if(up == 0)
 173   1        {
 174   2          delay_ms(200);
 175   2          nam++;
 176   2          if(nam == 100) nam = 0;
 177   2          set_time(0x04, nam, thang, ngay);
C51 COMPILER V9.60.7.0   DS1307_LCD                                                        04/16/2024 16:08:54 PAGE 4   

 178   2          lcd_position(2, 12);
 179   2          lcd_putc(nam/10 + 48);
 180   2          lcd_putc(nam%10 + 48); 
 181   2        }
 182   1        
 183   1        if(down == 0)
 184   1        {
 185   2          delay_ms(200);
 186   2          nam--;
 187   2          if(nam == -1) nam = 99;
 188   2          set_time(0x04, nam, thang, ngay);
 189   2          lcd_position(2, 12);
 190   2          lcd_putc(nam/10 + 48);
 191   2          lcd_putc(nam%10 + 48); 
 192   2        }
 193   1      }
 194          /*~~~~~~~~~~~~~*/
 195          void setup()
 196          {
 197   1        bit h, m, s, d, mo, y;
 198   1        if(mode == 0)
 199   1        {
 200   2          bip();
 201   2          delay_ms(100);
 202   2          while(mode == 0);
 203   2          lcd_cmd(0x01);
 204   2          hien_thi_date();
 205   2          lcd_position(1,1);    // chuyen con tro ve hang 1 cot 1 xuat chu set hour:
 206   2          lcd_puts("set hour:", 50);  
 207   2          lcd_putc(gio/10 + 48);
 208   2          delay_ms(50);
 209   2          lcd_putc(gio%10 + 48);
 210   2          lcd_puts("         ", 50);
 211   2          h = 1;
 212   2          while(h)
 213   2          {
 214   3      //      hien_thi_date();
 215   3            set_hour();   
 216   3            if(mode == 0) 
 217   3            {
 218   4              bip();
 219   4              delay_ms(100);
 220   4              while(mode == 0);
 221   4              lcd_cmd(0x01);
 222   4              hien_thi_date();
 223   4              lcd_position(1,1);
 224   4              lcd_puts("set min:", 50); 
 225   4              lcd_putc(phut/10 + 48);
 226   4              delay_ms(50);
 227   4              lcd_putc(phut%10 + 48); 
 228   4              lcd_puts("        ", 50);
 229   4              h = 0; 
 230   4              m = 1;
 231   4            }
 232   3          if(ok == 0)
 233   3          {
 234   4            bip();
 235   4            lcd_shiftleftscreen(16);
 236   4            lcd_cmd(0x01);
 237   4            while(ok == 0);
 238   4            h = 0;
 239   4          }
C51 COMPILER V9.60.7.0   DS1307_LCD                                                        04/16/2024 16:08:54 PAGE 5   

 240   3          }
 241   2        }
 242   1        while(m)
 243   1        {
 244   2      //    hien_thi_date();
 245   2          set_min();
 246   2          if(mode == 0) 
 247   2          {
 248   3            bip();
 249   3            delay_ms(100);
 250   3            while(mode == 0);
 251   3            lcd_cmd(0x01);
 252   3            hien_thi_date();
 253   3            lcd_position(1,1);
 254   3            lcd_puts("set sec:", 50); 
 255   3            lcd_putc(giay/10 + 48);
 256   3            delay_ms(50);
 257   3            lcd_putc(giay%10 + 48); 
 258   3            m = 0; 
 259   3            s = 1;
 260   3          }
 261   2          if(ok == 0)
 262   2          {
 263   3            bip();
 264   3            lcd_shiftleftscreen(16);
 265   3            lcd_cmd(0x01);
 266   3            while(ok == 0);
 267   3            m = 0;
 268   3          }
 269   2        }
 270   1        while(s)
 271   1        {
 272   2      //    hien_thi_date();
 273   2          set_sec();
 274   2          if(mode == 0) 
 275   2          {
 276   3              bip();
 277   3              delay_ms(100);
 278   3              while(mode == 0);
 279   3              lcd_cmd(0x01);
 280   3              hien_thi_time();
 281   3              lcd_position(2,1);
 282   3              lcd_puts("set date:", 50);  
 283   3              lcd_putc(ngay/10 + 48);
 284   3              delay_ms(50);
 285   3              lcd_putc(ngay%10 + 48);
 286   3              s = 0;
 287   3              d = 1;
 288   3          }
 289   2          if(ok == 0)
 290   2          {
 291   3            bip();
 292   3            lcd_shiftleftscreen(16);
 293   3            lcd_cmd(0x01);
 294   3            while(ok == 0);
 295   3            s = 0;
 296   3          }
 297   2        }
 298   1        while(d)
 299   1        {
 300   2          hien_thi_time();
 301   2          set_date();
C51 COMPILER V9.60.7.0   DS1307_LCD                                                        04/16/2024 16:08:54 PAGE 6   

 302   2          if(mode == 0) 
 303   2          {
 304   3              bip();
 305   3              delay_ms(100);
 306   3              while(mode == 0);
 307   3              lcd_cmd(0x01);
 308   3              hien_thi_time();
 309   3              lcd_position(2,1);
 310   3              lcd_puts("set month:", 50); 
 311   3              lcd_putc(thang/10 + 48);
 312   3              delay_ms(50);
 313   3              lcd_putc(thang%10 + 48);  
 314   3              d = 0;
 315   3              mo = 1;
 316   3          }
 317   2          if(ok == 0)
 318   2          {
 319   3            bip();
 320   3            lcd_shiftleftscreen(16);
 321   3            lcd_cmd(0x01);
 322   3            while(ok == 0);
 323   3            d = 0;
 324   3          }
 325   2        }
 326   1        while(mo)
 327   1        {
 328   2          hien_thi_time();
 329   2          set_month();
 330   2          if(mode == 0) 
 331   2          {
 332   3              bip();
 333   3              delay_ms(100);
 334   3              while(mode == 0);   
 335   3              lcd_cmd(0x01);
 336   3              hien_thi_time();      
 337   3              lcd_position(2,1);
 338   3              lcd_puts("set year:20", 50);
 339   3              lcd_putc(nam/10 + 48);
 340   3              delay_ms(50);
 341   3              lcd_putc(nam%10 + 48);  
 342   3              mo = 0;
 343   3              y = 1;
 344   3          }
 345   2          if(ok == 0)
 346   2          {
 347   3            bip();
 348   3            lcd_shiftleftscreen(16);
 349   3            lcd_cmd(0x01);
 350   3            while(ok == 0);
 351   3            mo = 0;
 352   3          }
 353   2        }
 354   1        while(y)
 355   1        {
 356   2          hien_thi_time();
 357   2          set_year();
 358   2          if(mode == 0) 
 359   2          {
 360   3            bip();
 361   3            lcd_shiftleftscreen(16);
 362   3            lcd_cmd(0x01);
 363   3            while(mode == 0);
C51 COMPILER V9.60.7.0   DS1307_LCD                                                        04/16/2024 16:08:54 PAGE 7   

 364   3            y = 0;
 365   3          }
 366   2          if(ok == 0)
 367   2          {
 368   3            bip();
 369   3            lcd_shiftleftscreen(16);
 370   3            lcd_cmd(0x01);
 371   3            while(ok == 0);
 372   3            y = 0;
 373   3          }
 374   2        }
 375   1      }
 376          
 377          void hien_thi_time()
 378          {
 379   1        lcd_position(1,1);
 380   1        lcd_puts("Time: ", 1);
 381   1        lcd_putc(gio/10 + 48);
 382   1        lcd_putc(gio%10 + 48);
 383   1        lcd_putc(':');
 384   1        lcd_putc(phut/10 + 48);
 385   1        lcd_putc(phut%10 + 48);
 386   1        lcd_putc(':');
 387   1        lcd_putc(giay/10 + 48);
 388   1        lcd_putc(giay%10 + 48);
 389   1      }
 390          void hien_thi_date()
 391          {
 392   1        lcd_position(2,1);
 393   1        lcd_puts("Date:", 1);
 394   1        lcd_putc(ngay/10 + 48);
 395   1        lcd_putc(ngay%10 + 48);
 396   1        lcd_putc('/');
 397   1        lcd_putc(thang/10 + 48);
 398   1        lcd_putc(thang%10 + 48);
 399   1        lcd_putc('/');
 400   1        lcd_puts("20", 1);
 401   1        lcd_putc(nam/10 + 48);
 402   1        lcd_putc(nam%10 + 48);
 403   1      }
 404          /*----___------*/
 405          main()
 406          {
 407   1        bip();
 408   1        bip();
 409   1      //  control();
 410   1        lcd_init();
 411   1        TMOD = 0x10;  /* dung timer1 lay time sau moi 1s, timer0 de hien thi ra lcd */
 412   1        TH1  = 0x3c;
 413   1        TL1  = 0xb0;
 414   1        TR1  = 1;
 415   1        ET1  = 1;
 416   1        EA   = 1;
 417   1        while(1)
 418   1        {
 419   2          hien_thi_time();
 420   2          hien_thi_date();
 421   2          setup();
 422   2        }
 423   1      }


C51 COMPILER V9.60.7.0   DS1307_LCD                                                        04/16/2024 16:08:54 PAGE 8   

MODULE INFORMATION:   STATIC OVERLAYABLE
   CODE SIZE        =   2429    ----
   CONSTANT SIZE    =     96    ----
   XDATA SIZE       =   ----    ----
   PDATA SIZE       =   ----    ----
   DATA SIZE        =      6       1
   IDATA SIZE       =   ----    ----
   BIT SIZE         =   ----       6
END OF MODULE INFORMATION.


C51 COMPILATION COMPLETE.  0 WARNING(S),  0 ERROR(S)
