C51 COMPILER V9.60.7.0   I2C                                                               04/16/2024 16:08:54 PAGE 1   


C51 COMPILER V9.60.7.0, COMPILATION OF MODULE I2C
OBJECT MODULE PLACED IN i2c.OBJ
COMPILER INVOKED BY: C:\Keil_v5\C51\BIN\C51.EXE i2c.c OPTIMIZE(8,SPEED) BROWSE DEBUG OBJECTEXTEND TABS(2)

line level    source

   1          #include <REGX52.H>       /* cho phep giao tiep voi cac port cua VDK */
   2          #include "i2c.h"
   3          #include "port.h"
   4          #include "delay.h"
   5          
   6          /* dinh nghia cac ham trong i2c.h */
   7          /*-----------*/
   8          void delay(int time)
   9          {
  10   1        while(time--);
  11   1      }
  12          /*-----------*/
  13          void i2c_clock()
  14          {
  15   1        delay(1);
  16   1        SCL = 1;
  17   1        delay(1);
  18   1        SCL = 0;
  19   1      }
  20          /*----------------------*/
  21          void i2c_ack()
  22          {
  23   1        SDA = 0;
  24   1        i2c_clock();
  25   1        SDA = 1;      /* dua ve trang thai free */
  26   1      }
  27          /*----------------------*/
  28          void i2c_nack()
  29          {
  30   1        SDA = 1;
  31   1        i2c_clock();
  32   1        SDA = 1;      /* dua ve trang thai free */
  33   1      }
  34          /*------start condition-----*/
  35          /*--------------------
  36          SDA: ______
  37                     \_____________
  38          SCL: __________
  39                         \_________
  40          ----------------------*/
  41          void i2c_start()
  42          {
  43   1        SDA = 1;
  44   1        SCL = 1;
  45   1        delay(1);
  46   1        SDA = 0;
  47   1        delay(1);
  48   1        SCL = 0;
  49   1      }
  50          /*------stop condition-----*/
  51          /*--------------------
  52          SDA:  __      ______
  53                  \____/
  54          SCL:     __________
  55                __/        
C51 COMPILER V9.60.7.0   I2C                                                               04/16/2024 16:08:54 PAGE 2   

  56          ----------------------*/
  57          void i2c_stop()
  58          {
  59   1        SDA = 1;
  60   1        SCL = 0;
  61   1        delay(1);
  62   1        SDA = 0;
  63   1        SCL = 1;
  64   1        delay(2);
  65   1        SDA = 1;
  66   1        SCL = 1;
  67   1      }
  68          /*-----trich mau du lieu tren duong SDA------*/
  69          /*------____  ____  ____       ____        ____
  70          SDA:   / 1  \/ 2  \/ 3  \...../ 8  \      /      
  71                 \____/\____/\____/     \____/\____/
  72          SCL:      _     _     _          _     _
  73                 __/ \___/ \___/ \_......_/ \___/ \_....
  74          ----------------------*/
  75          void i2c_write(unsigned char datain)
  76          {
  77   1        unsigned char i;
  78   1        for(i = 0; i < 8; i++)
  79   1        {
  80   2          SDA = datain & 0x80;
  81   2          i2c_clock();
  82   2          datain = datain << 1;
  83   2        }
  84   1        i2c_clock();    /* cho bit ack tu DS1307 */
  85   1        SDA = 1;        /* keo SDA len 1 sau moi lan viet */
  86   1      }
  87          /*-  __  ____  ____  ____       ____        ____
  88          SDA:   \/ 1  \/ 2  \/ 3  \...../ 8  \      /      
  89                  \____/\____/\____/     \____/\____/
  90          SCL:       _     _     _          _     _
  91               _____/ \___/ \___/ \_......_/ \___/ \_....
  92          ----------------------*/
  93          unsigned char i2c_read(bit ack)
  94          {
  95   1        unsigned char dataout = 0x00, i;
  96   1      //  SDA = 1;                   
  97   1        for(i = 0; i < 8; i++)
  98   1        {
  99   2      
 100   2          delay(1); 
 101   2          dataout = dataout << 1;
 102   2          dataout = dataout | SDA;    /* lay bit dau tien */
 103   2          i2c_clock();
 104   2        }
 105   1        if(ack == 0) i2c_ack();
 106   1        else i2c_nack();
 107   1        SDA = 1;
 108   1        return dataout;
 109   1      }


MODULE INFORMATION:   STATIC OVERLAYABLE
   CODE SIZE        =    142    ----
   CONSTANT SIZE    =   ----    ----
   XDATA SIZE       =   ----    ----
   PDATA SIZE       =   ----    ----
   DATA SIZE        =   ----    ----
C51 COMPILER V9.60.7.0   I2C                                                               04/16/2024 16:08:54 PAGE 3   

   IDATA SIZE       =   ----    ----
   BIT SIZE         =   ----       1
END OF MODULE INFORMATION.


C51 COMPILATION COMPLETE.  0 WARNING(S),  0 ERROR(S)
